<?xml version="1.0" encoding="UTF-8"?>
<!-- Generated by org.testng.reporters.JUnitReportReporter -->
<testsuite hostname="Manisha_Lappy" failures="0" tests="1" name="com.amazon.qa.testcases.YourAccountPageTest" time="16.094" errors="0" timestamp="2022-11-25T14:38:50 EST" skipped="0">
  <testcase classname="com.amazon.qa.testcases.YourAccountPageTest" name="validateuseraccount" time="16.094"/>
  <system-out/>
</testsuite> <!-- com.amazon.qa.testcases.YourAccountPageTest -->
